<?xml version="1.0" encoding="UTF-8"?>
<testsuite name="WallServiceTest" tests="1" skipped="0" failures="0" errors="0" timestamp="2020-10-29T08:38:17" hostname="ПОЛЬЗОВАТЕЛЬ-ПК" time="0.428">
  <properties/>
  <testcase name="add" classname="WallServiceTest" time="0.428"/>
  <system-out><![CDATA[]]></system-out>
  <system-err><![CDATA[]]></system-err>
</testsuite>
